<?xml version="1.0" encoding="UTF-8"?>
<testsuite xmlns:xsi="http://www.w3.org/2001/XMLSchema-instance" xsi:noNamespaceSchemaLocation="https://maven.apache.org/surefire/maven-surefire-plugin/xsd/surefire-test-report-3.0.xsd" version="3.0" name="cli_java_task.cli.AppTest" time="1.04" tests="18" errors="0" skipped="0" failures="0">
  <properties>
[...]
</properties>
  <testcase name="testsetTask" classname="cli_java_task.cli.AppTest" time="0.954"/>
  <testcase name="testToString" classname="cli_java_task.cli.AppTest" time="0.0"/>
  <testcase name="testNoTasks" classname="cli_java_task.cli.AppTest" time="0.0"/>
  <testcase name="testDisplayTasks" classname="cli_java_task.cli.AppTest" time="0.0"/>
  <testcase name="testAddTask" classname="cli_java_task.cli.AppTest" time="0.0"/>
  <testcase name="testEditTask" classname="cli_java_task.cli.AppTest" time="0.0"/>
  <testcase name="testEditTaskWithInvalidIndex" classname="cli_java_task.cli.AppTest" time="0.0"/>
  <testcase name="testDeleteTask" classname="cli_java_task.cli.AppTest" time="0.0"/>
  <testcase name="testDeleteTaskWithInvalidIndex" classname="cli_java_task.cli.AppTest" time="0.0"/>
  <testcase name="testMarkTaskAsComplete" classname="cli_java_task.cli.AppTest" time="0.0"/>
  <testcase name="testMarkTaskAsCompleteWithInvalidIndex" classname="cli_java_task.cli.AppTest" time="0.0"/>
  <testcase name="testInvalidTaskIndex" classname="cli_java_task.cli.AppTest" time="0.002"/>
  <testcase name="testRun" classname="cli_java_task.cli.AppTest" time="0.026"/>
  <testcase name="testDisplay" classname="cli_java_task.cli.AppTest" time="0.006"/>
  <testcase name="testmarkCompleted" classname="cli_java_task.cli.AppTest" time="0.001"/>
  <testcase name="testdefault" classname="cli_java_task.cli.AppTest" time="0.002"/>
  <testcase name="testDeleteTaskmain" classname="cli_java_task.cli.AppTest" time="0.001"/>
  <testcase name="testMainMethod" classname="cli_java_task.cli.AppTest" time="0.003"/>
</testsuite>